\BOOKMARK [1][-]{section.1}{\376\377\000I\000n\000t\000r\000o\000d\000u\000c\000t\000i\000o\000n\000:\000\040\000T\000e\000x\000t\000\040\000a\000s\000\040\000L\000o\000s\000s\000y\000\040\000P\000r\000o\000j\000e\000c\000t\000i\000o\000n}{}% 1
\BOOKMARK [1][-]{section.2}{\376\377\000P\000o\000s\000i\000t\000i\000o\000n\000i\000n\000g\000:\000\040\000F\000r\000o\000m\000\040\000B\000i\000o\000n\000i\000c\000\040\000R\000e\000a\000d\000i\000n\000g\000\040\000t\000o\000\040\000H\000y\000p\000e\000r\000b\000i\000o\000n\000i\000c\000\040\000R\000e\000a\000d\000i\000n\000g}{}% 2
\BOOKMARK [2][-]{subsection.2.1}{\376\377\000T\000h\000e\000\040\000N\000-\000g\000r\000a\000m\000\040\000C\000o\000n\000n\000e\000c\000t\000i\000o\000n\000\040\000a\000n\000d\000\040\000I\000t\000s\000\040\000E\000x\000t\000e\000n\000s\000i\000o\000n}{section.2}% 3
\BOOKMARK [2][-]{subsection.2.2}{\376\377\000W\000h\000y\000\040\000L\000i\000s\000t\000e\000n\000i\000n\000g\000-\000B\000a\000s\000e\000d\000\040\000L\000e\000a\000r\000n\000i\000n\000g\000\040\000C\000o\000n\000n\000e\000c\000t\000s}{section.2}% 4
\BOOKMARK [1][-]{section.3}{\376\377\000T\000h\000e\000\040\000P\000r\000o\000s\000o\000d\000i\000c\000\040\000M\000e\000a\000s\000u\000r\000e\000m\000e\000n\000t\000\040\000O\000p\000e\000r\000a\000t\000o\000r}{}% 5
\BOOKMARK [1][-]{section.4}{\376\377\000M\000o\000d\000a\000l\000\040\000S\000t\000o\000r\000a\000g\000e\000:\000\040\000T\000h\000e\000\040\000M\000E\000M\000|\0008\000\040\000L\000a\000t\000t\000i\000c\000e\000\040\000C\000o\000o\000r\000d\000i\000n\000a\000t\000e}{}% 6
\BOOKMARK [1][-]{section.5}{\376\377\000H\000y\000p\000e\000r\000b\000i\000o\000n\000i\000c\000\040\000T\000y\000p\000o\000g\000r\000a\000p\000h\000y\000\040\000a\000s\000\040\000a\000\040\000P\000r\000o\000j\000e\000c\000t\000i\000o\000n\000\040\000O\000p\000e\000r\000a\000t\000o\000r}{}% 7
\BOOKMARK [1][-]{section.6}{\376\377\000E\000q\000u\000i\000v\000a\000l\000e\000n\000c\000e\000\040\000o\000f\000\040\000R\000e\000p\000r\000e\000s\000e\000n\000t\000a\000t\000i\000o\000n\000s}{}% 8
\BOOKMARK [1][-]{section.7}{\376\377\000E\000x\000t\000e\000n\000s\000i\000o\000n\000\040\000t\000o\000\040\000H\000i\000g\000h\000e\000r\000-\000D\000i\000m\000e\000n\000s\000i\000o\000n\000a\000l\000\040\000F\000e\000a\000t\000u\000r\000e\000s\000:\000\040\000D\000e\000l\000a\000y\000\040\000a\000n\000d\000\040\000R\000e\000v\000e\000r\000b\000e\000r\000a\000t\000i\000o\000n}{}% 9
\BOOKMARK [2][-]{subsection.7.1}{\376\377\000D\000e\000l\000a\000y\000\040\000a\000s\000\040\000a\000\040\000S\000p\000a\000t\000i\000a\000l\000\040\000D\000u\000p\000l\000i\000c\000a\000t\000i\000o\000n\000\040\000O\000p\000e\000r\000a\000t\000o\000r}{section.7}% 10
\BOOKMARK [2][-]{subsection.7.2}{\376\377\000R\000e\000v\000e\000r\000b\000e\000r\000a\000t\000i\000o\000n\000\040\000a\000s\000\040\000a\000\040\000C\000o\000n\000v\000o\000l\000u\000t\000i\000o\000n\000a\000l\000\040\000H\000a\000l\000o}{section.7}% 11
\BOOKMARK [1][-]{section.8}{\376\377\000S\000p\000e\000e\000c\000h\000\040\000a\000s\000\040\000T\000r\000a\000j\000e\000c\000t\000o\000r\000y\000:\000\040\000T\000h\000e\000\040\000T\000e\000m\000p\000o\000r\000a\000l\000\040\000E\000x\000t\000e\000n\000s\000i\000o\000n}{}% 12
\BOOKMARK [2][-]{subsection.8.1}{\376\377\000W\000o\000r\000d\000\040\000B\000a\000s\000i\000n\000s\000\040\000a\000n\000d\000\040\000T\000r\000a\000j\000e\000c\000t\000o\000r\000y\000\040\000R\000e\000s\000o\000n\000a\000n\000c\000e}{section.8}% 13
\BOOKMARK [2][-]{subsection.8.2}{\376\377\000T\000r\000a\000j\000e\000c\000t\000o\000r\000y\000\040\000E\000q\000u\000i\000v\000a\000l\000e\000n\000c\000e\000\040\000A\000c\000r\000o\000s\000s\000\040\000M\000o\000d\000a\000l\000i\000t\000i\000e\000s}{section.8}% 14
\BOOKMARK [1][-]{section.9}{\376\377\000F\000r\000o\000m\000\040\000S\000a\000l\000i\000e\000n\000c\000e\000\040\000P\000a\000c\000k\000e\000t\000s\000\040\000t\000o\000\040\000M\000o\000d\000a\000l\000\040\000T\000r\000a\000j\000e\000c\000t\000o\000r\000i\000e\000s}{}% 15
\BOOKMARK [2][-]{subsection.9.1}{\376\377\000T\000h\000e\000\040\000S\000a\000l\000i\000e\000n\000c\000e\000\040\000P\000a\000c\000k\000e\000t\000\040\000a\000s\000\040\000F\000u\000n\000d\000a\000m\000e\000n\000t\000a\000l\000\040\000U\000n\000i\000t}{section.9}% 16
\BOOKMARK [2][-]{subsection.9.2}{\376\377\000P\000a\000c\000k\000e\000t\000-\000t\000o\000-\000M\000o\000d\000a\000l\000\040\000P\000r\000o\000j\000e\000c\000t\000i\000o\000n}{section.9}% 17
\BOOKMARK [2][-]{subsection.9.3}{\376\377\000T\000h\000e\000\040\000S\000a\000l\000i\000e\000n\000c\000e\000M\000a\000r\000k\000e\000r\000\040\000E\000n\000u\000m\000e\000r\000a\000t\000i\000o\000n\000\040\000a\000s\000\040\000T\000o\000p\000o\000l\000o\000g\000i\000c\000a\000l\000\040\000S\000i\000g\000n\000a\000l}{section.9}% 18
\BOOKMARK [1][-]{section.10}{\376\377\000A\000\040\000R\000e\000a\000l\000\040\000T\000r\000a\000j\000e\000c\000t\000o\000r\000y\000\040\000S\000p\000a\000c\000e\000\040\000a\000n\000d\000\040\000T\000A\000R\000T\000A\000N\000\040\000M\000u\000l\000t\000i\000s\000c\000a\000l\000e\000\040\000T\000i\000l\000i\000n\000g}{}% 19
\BOOKMARK [2][-]{subsection.10.1}{\376\377\000T\000h\000e\000\040\000R\000e\000a\000l\000\040\000T\000r\000a\000j\000e\000c\000t\000o\000r\000y\000\040\000S\000p\000a\000c\000e}{section.10}% 20
\BOOKMARK [2][-]{subsection.10.2}{\376\377\000T\000A\000R\000T\000A\000N\000:\000\040\000T\000r\000a\000j\000e\000c\000t\000o\000r\000y\000-\000A\000w\000a\000r\000e\000\040\000R\000e\000c\000u\000r\000s\000i\000v\000e\000\040\000T\000i\000l\000i\000n\000g\000\040\000w\000i\000t\000h\000\040\000A\000n\000n\000o\000t\000a\000t\000e\000d\000\040\000N\000o\000i\000s\000e}{section.10}% 21
\BOOKMARK [2][-]{subsection.10.3}{\376\377\000T\000h\000e\000\040\000C\000o\000m\000p\000l\000e\000t\000e\000\040\000E\000q\000u\000i\000v\000a\000l\000e\000n\000c\000e}{section.10}% 22
\BOOKMARK [1][-]{section.11}{\376\377\000R\000e\000c\000o\000n\000s\000t\000r\000u\000c\000t\000i\000o\000n\000\040\000a\000n\000d\000\040\000C\000u\000e\000-\000B\000a\000s\000e\000d\000\040\000R\000e\000t\000r\000i\000e\000v\000a\000l}{}% 23
\BOOKMARK [1][-]{section.12}{\376\377\000C\000o\000n\000s\000t\000r\000a\000i\000n\000t\000s\000\040\000a\000n\000d\000\040\000S\000t\000a\000b\000i\000l\000i\000t\000y}{}% 24
\BOOKMARK [1][-]{section.13}{\376\377\000I\000m\000p\000l\000e\000m\000e\000n\000t\000a\000t\000i\000o\000n\000:\000\040\000T\000h\000e\000\040\000M\000a\000r\000i\000n\000e\000\040\000P\000r\000o\000c\000e\000s\000s\000o\000r\000\040\000a\000s\000\040\000M\000\040\000i\000n\000\040\000P\000r\000a\000c\000t\000i\000c\000e}{}% 25
\BOOKMARK [2][-]{subsection.13.1}{\376\377\000E\000x\000p\000o\000n\000e\000n\000t\000i\000a\000l\000\040\000M\000o\000v\000i\000n\000g\000\040\000A\000v\000e\000r\000a\000g\000e\000\040\000v\000e\000r\000s\000u\000s\000\040\000W\000i\000n\000d\000o\000w\000\040\000M\000e\000a\000n}{section.13}% 26
\BOOKMARK [2][-]{subsection.13.2}{\376\377\000T\000h\000e\000\040\000H\000a\000r\000m\000o\000n\000i\000c\000\040\000C\000o\000h\000e\000r\000e\000n\000c\000e\000\040\000P\000l\000a\000c\000e\000h\000o\000l\000d\000e\000r}{section.13}% 27
\BOOKMARK [1][-]{section.14}{\376\377\000O\000p\000e\000r\000a\000t\000i\000o\000n\000a\000l\000\040\000C\000o\000n\000s\000t\000r\000a\000i\000n\000t\000s\000\040\000a\000n\000d\000\040\000R\000e\000a\000l\000-\000T\000i\000m\000e\000\040\000G\000e\000o\000m\000e\000t\000r\000y}{}% 28
\BOOKMARK [2][-]{subsection.14.1}{\376\377\000P\000e\000r\000i\000o\000d\000\040\000V\000a\000l\000i\000d\000i\000t\000y\000\040\000G\000a\000t\000e}{section.14}% 29
\BOOKMARK [2][-]{subsection.14.2}{\376\377\000C\000l\000i\000p\000\040\000T\000h\000r\000e\000s\000h\000o\000l\000d\000\040\000a\000s\000\040\000a\000\040\000P\000r\000e\000-\000G\000a\000t\000e}{section.14}% 30
\BOOKMARK [1][-]{section.15}{\376\377\000B\000e\000y\000o\000n\000d\000\040\000t\000h\000e\000\040\000A\000u\000d\000i\000b\000l\000e\000-\000S\000t\000a\000b\000l\000e\000\040\000R\000e\000g\000i\000m\000e\000:\000\040\000H\000a\000p\000t\000i\000c\000\040\000E\000x\000t\000e\000n\000s\000i\000o\000n\000\040\000a\000n\000d\000\040\000E\000x\000p\000r\000e\000s\000s\000i\000v\000e\000\040\000D\000e\000v\000i\000a\000t\000i\000o\000n}{}% 31
\BOOKMARK [2][-]{subsection.15.1}{\376\377\000I\000n\000f\000r\000a\000s\000o\000u\000n\000d\000\040\000a\000n\000d\000\040\000t\000h\000e\000\040\000H\000a\000p\000t\000i\000c\000\040\000C\000h\000a\000n\000n\000e\000l}{section.15}% 32
\BOOKMARK [2][-]{subsection.15.2}{\376\377\000S\000t\000r\000u\000c\000t\000u\000r\000e\000d\000\040\000J\000i\000t\000t\000e\000r\000\040\000a\000s\000\040\000E\000x\000p\000r\000e\000s\000s\000i\000v\000e\000\040\000S\000i\000g\000n\000a\000l}{section.15}% 33
\BOOKMARK [2][-]{subsection.15.3}{\376\377\000R\000e\000i\000n\000t\000e\000r\000p\000r\000e\000t\000a\000t\000i\000o\000n\000\040\000o\000f\000\040\000A\000n\000n\000o\000t\000a\000t\000e\000d\000\040\000N\000o\000i\000s\000e\000\040\000i\000n\000\040\000T\000A\000R\000T\000A\000N}{section.15}% 34
\BOOKMARK [2][-]{subsection.15.4}{\376\377\000E\000x\000a\000m\000p\000l\000e\000:\000\040\000R\000o\000b\000o\000t\000i\000c\000\040\000v\000e\000r\000s\000u\000s\000\040\000E\000x\000p\000r\000e\000s\000s\000i\000v\000e\000\040\000U\000t\000t\000e\000r\000a\000n\000c\000e}{section.15}% 35
\BOOKMARK [1][-]{section.16}{\376\377\000T\000r\000a\000j\000e\000c\000t\000o\000r\000y\000\040\000R\000e\000g\000i\000m\000e\000s\000\040\000a\000n\000d\000\040\000E\000r\000g\000o\000d\000i\000c\000\040\000W\000r\000i\000t\000i\000n\000g\000\040\000D\000y\000n\000a\000m\000i\000c\000s}{}% 36
\BOOKMARK [2][-]{subsection.16.1}{\376\377\000T\000w\000o\000\040\000I\000n\000s\000c\000r\000i\000p\000t\000i\000o\000n\000\040\000R\000e\000g\000i\000m\000e\000s}{section.16}% 37
\BOOKMARK [2][-]{subsection.16.2}{\376\377\000P\000r\000e\000d\000i\000c\000t\000a\000b\000i\000l\000i\000t\000y\000\040\000a\000n\000d\000\040\000R\000e\000g\000i\000m\000e\000\040\000S\000e\000l\000e\000c\000t\000i\000o\000n}{section.16}% 38
\BOOKMARK [2][-]{subsection.16.3}{\376\377\000W\000o\000r\000d\000\040\000B\000a\000s\000i\000n\000s\000\040\000a\000n\000d\000\040\000E\000r\000g\000o\000d\000i\000c\000\040\000W\000r\000i\000t\000i\000n\000g}{section.16}% 39
\BOOKMARK [2][-]{subsection.16.4}{\376\377\000G\000e\000s\000t\000u\000r\000e\000\040\000I\000n\000p\000u\000t\000\040\000a\000s\000\040\000T\000r\000a\000j\000e\000c\000t\000o\000r\000y\000\040\000C\000o\000l\000l\000a\000p\000s\000e}{section.16}% 40
\BOOKMARK [2][-]{subsection.16.5}{\376\377\000H\000y\000p\000e\000r\000b\000i\000o\000n\000i\000c\000\040\000R\000e\000n\000d\000e\000r\000i\000n\000g\000\040\000o\000f\000\040\000T\000r\000a\000j\000e\000c\000t\000o\000r\000y\000\040\000R\000e\000g\000i\000m\000e\000s}{section.16}% 41
\BOOKMARK [2][-]{subsection.16.6}{\376\377\000E\000x\000p\000e\000r\000i\000m\000e\000n\000t\000a\000l\000\040\000P\000r\000e\000d\000i\000c\000t\000i\000o\000n\000:\000\040\000K\000e\000y\000b\000o\000a\000r\000d\000\040\000L\000a\000y\000o\000u\000t\000\040\000T\000r\000a\000n\000s\000f\000e\000r\000\040\000a\000n\000d\000\040\000B\000a\000s\000i\000n\000\040\000D\000e\000p\000t\000h}{section.16}% 42
\BOOKMARK [1][-]{section.17}{\376\377\000V\000a\000r\000i\000a\000t\000i\000o\000n\000a\000l\000\040\000R\000e\000c\000o\000n\000s\000t\000r\000u\000c\000t\000i\000o\000n\000\040\000P\000r\000i\000n\000c\000i\000p\000l\000e}{}% 43
\BOOKMARK [1][-]{section.18}{\376\377\000S\000p\000h\000e\000r\000e\000p\000o\000p\000\040\000I\000n\000t\000e\000g\000r\000a\000t\000i\000o\000n\000:\000\040\000P\000r\000o\000s\000o\000d\000y\000\040\000a\000s\000\040\000I\000r\000r\000e\000v\000e\000r\000s\000i\000b\000l\000e\000\040\000C\000o\000n\000s\000t\000r\000a\000i\000n\000t\000\040\000A\000c\000c\000u\000m\000u\000l\000a\000t\000i\000o\000n}{}% 44
\BOOKMARK [2][-]{subsection.18.1}{\376\377\000T\000r\000a\000j\000e\000c\000t\000o\000r\000i\000e\000s\000\040\000a\000s\000\040\000E\000v\000e\000n\000t\000-\000H\000i\000s\000t\000o\000r\000i\000c\000a\000l\000\040\000T\000r\000a\000c\000e\000s}{section.18}% 45
\BOOKMARK [2][-]{subsection.18.2}{\376\377\000T\000A\000R\000T\000A\000N\000\040\000T\000i\000l\000e\000s\000\040\000a\000s\000\040\000R\000e\000c\000u\000r\000s\000i\000v\000e\000\040\000C\000o\000n\000s\000t\000r\000a\000i\000n\000t\000\040\000B\000u\000f\000f\000e\000r\000s}{section.18}% 46
\BOOKMARK [2][-]{subsection.18.3}{\376\377\000D\000i\000f\000f\000e\000r\000e\000n\000t\000i\000a\000l\000\040\000E\000n\000v\000e\000l\000o\000p\000e\000s\000\040\000a\000s\000\040\000I\000r\000r\000e\000v\000e\000r\000s\000i\000b\000i\000l\000i\000t\000y\000\040\000E\000n\000c\000o\000d\000i\000n\000g}{section.18}% 47
\BOOKMARK [2][-]{subsection.18.4}{\376\377\000R\000e\000a\000d\000i\000n\000g\000\040\000a\000s\000\040\000C\000o\000n\000s\000t\000r\000a\000i\000n\000t\000\040\000A\000c\000c\000u\000m\000u\000l\000a\000t\000i\000o\000n}{section.18}% 48
\BOOKMARK [1][-]{section.19}{\376\377\000T\000r\000i\000a\000n\000g\000u\000l\000a\000r\000\040\000E\000q\000u\000i\000v\000a\000l\000e\000n\000c\000e}{}% 49
\BOOKMARK [2][-]{subsection.19.1}{\376\377\000C\000a\000t\000e\000g\000o\000r\000i\000c\000a\000l\000\040\000S\000t\000r\000u\000c\000t\000u\000r\000e\000:\000\040\000F\000u\000n\000c\000t\000o\000r\000i\000a\000l\000\040\000P\000r\000o\000j\000e\000c\000t\000i\000o\000n\000s\000\040\000B\000e\000t\000w\000e\000e\000n\000\040\000T\000r\000a\000j\000e\000c\000t\000o\000r\000y\000\040\000C\000a\000t\000e\000g\000o\000r\000i\000e\000s}{section.19}% 50
\BOOKMARK [1][-]{section.20}{\376\377\000M\000u\000l\000t\000i\000m\000o\000d\000a\000l\000\040\000D\000i\000s\000a\000m\000b\000i\000g\000u\000a\000t\000i\000o\000n\000:\000\040\000C\000o\000n\000t\000e\000x\000t\000u\000a\000l\000\040\000G\000r\000o\000u\000n\000d\000i\000n\000g\000\040\000o\000f\000\040\000P\000r\000o\000s\000o\000d\000i\000c\000\040\000I\000n\000v\000a\000r\000i\000a\000n\000t\000s}{}% 51
\BOOKMARK [2][-]{subsection.20.1}{\376\377\000C\000o\000n\000t\000e\000x\000t\000u\000a\000l\000\040\000O\000p\000e\000r\000a\000t\000o\000r\000s\000\040\000a\000n\000d\000\040\000C\000o\000n\000s\000t\000r\000a\000i\000n\000t\000\040\000I\000n\000t\000e\000r\000s\000e\000c\000t\000i\000o\000n}{section.20}% 52
\BOOKMARK [2][-]{subsection.20.2}{\376\377\000T\000h\000e\000\040\000A\000d\000m\000i\000s\000s\000i\000b\000i\000l\000i\000t\000y\000\040\000C\000o\000n\000d\000i\000t\000i\000o\000n\000\040\000o\000n\000\040\000A\000d\000d\000i\000t\000i\000o\000n\000a\000l\000\040\000M\000o\000d\000a\000l\000i\000t\000i\000e\000s}{section.20}% 53
\BOOKMARK [2][-]{subsection.20.3}{\376\377\000P\000r\000o\000s\000o\000d\000i\000c\000\040\000a\000n\000d\000\040\000C\000o\000n\000t\000e\000x\000t\000u\000a\000l\000\040\000I\000n\000v\000a\000r\000i\000a\000n\000t\000s}{section.20}% 54
\BOOKMARK [1][-]{section.21}{\376\377\000E\000m\000b\000o\000d\000i\000e\000d\000\040\000P\000r\000o\000s\000o\000d\000y\000:\000\040\000M\000i\000m\000e\000t\000i\000c\000\040\000P\000r\000o\000x\000y\000,\000\040\000A\000S\000L\000\040\000C\000l\000a\000s\000s\000i\000f\000i\000e\000r\000\040\000D\000y\000n\000a\000m\000i\000c\000s\000,\000\040\000a\000n\000d\000\040\000t\000h\000e\000\040\000M\000o\000t\000i\000o\000n\000\040\000L\000a\000y\000e\000r\000\040\000o\000f\000\040\000M\000e\000a\000n\000i\000n\000g}{}% 55
\BOOKMARK [2][-]{subsection.21.1}{\376\377\000M\000i\000m\000e\000t\000i\000c\000\040\000P\000r\000o\000x\000y\000\040\000a\000n\000d\000\040\000t\000h\000e\000\040\000M\000o\000t\000o\000r\000\040\000B\000a\000s\000i\000s\000\040\000o\000f\000\040\000P\000r\000o\000s\000o\000d\000i\000c\000\040\000M\000e\000a\000n\000i\000n\000g}{section.21}% 56
\BOOKMARK [2][-]{subsection.21.2}{\376\377\000T\000r\000a\000n\000s\000c\000r\000i\000p\000t\000i\000o\000n\000\040\000a\000s\000\040\000D\000e\000s\000t\000r\000u\000c\000t\000i\000o\000n\000\040\000o\000f\000\040\000t\000h\000e\000\040\000M\000i\000m\000e\000t\000i\000c\000\040\000L\000a\000y\000e\000r}{section.21}% 57
\BOOKMARK [2][-]{subsection.21.3}{\376\377\000A\000S\000L\000\040\000C\000l\000a\000s\000s\000i\000f\000i\000e\000r\000\040\000D\000y\000n\000a\000m\000i\000c\000s\000\040\000a\000s\000\040\000P\000r\000o\000o\000f\000\040\000o\000f\000\040\000E\000x\000i\000s\000t\000e\000n\000c\000e}{section.21}% 58
\BOOKMARK [2][-]{subsection.21.4}{\376\377\000H\000y\000p\000e\000r\000b\000i\000o\000n\000i\000c\000\040\000R\000e\000n\000d\000e\000r\000i\000n\000g\000\040\000a\000s\000\040\000M\000i\000m\000e\000t\000i\000c\000\040\000R\000e\000s\000t\000o\000r\000a\000t\000i\000o\000n}{section.21}% 59
\BOOKMARK [2][-]{subsection.21.5}{\376\377\000S\000e\000m\000a\000n\000t\000i\000c\000\040\000D\000i\000s\000a\000m\000b\000i\000g\000u\000a\000t\000i\000o\000n\000\040\000v\000i\000a\000\040\000T\000r\000a\000j\000e\000c\000t\000o\000r\000y\000\040\000V\000i\000s\000i\000b\000i\000l\000i\000t\000y}{section.21}% 60
\BOOKMARK [1][-]{section.22}{\376\377\000P\000e\000r\000s\000i\000s\000t\000e\000n\000c\000e\000,\000\040\000I\000n\000t\000e\000r\000f\000e\000r\000e\000n\000c\000e\000,\000\040\000a\000n\000d\000\040\000R\000e\000c\000o\000n\000s\000t\000r\000u\000c\000t\000i\000o\000n}{}% 61
\BOOKMARK [2][-]{subsection.22.1}{\376\377\000S\000t\000r\000u\000c\000t\000u\000r\000e\000\040\000a\000s\000\040\000I\000n\000t\000e\000r\000f\000e\000r\000e\000n\000c\000e\000-\000S\000t\000a\000b\000l\000e\000\040\000C\000o\000n\000t\000e\000n\000t}{section.22}% 62
\BOOKMARK [2][-]{subsection.22.2}{\376\377\000A\000d\000m\000i\000s\000s\000i\000b\000i\000l\000i\000t\000y\000\040\000a\000s\000\040\000G\000r\000a\000d\000e\000d\000\040\000P\000e\000r\000s\000i\000s\000t\000e\000n\000c\000e}{section.22}% 63
\BOOKMARK [2][-]{subsection.22.3}{\376\377\000R\000e\000c\000o\000n\000s\000t\000r\000u\000c\000t\000i\000o\000n\000\040\000a\000s\000\040\000t\000h\000e\000\040\000C\000r\000i\000t\000e\000r\000i\000o\000n\000\040\000o\000f\000\040\000M\000e\000a\000n\000i\000n\000g}{section.22}% 64
\BOOKMARK [2][-]{subsection.22.4}{\376\377\000P\000e\000r\000s\000i\000s\000t\000e\000n\000t\000\040\000S\000u\000b\000s\000t\000r\000a\000t\000e\000\040\000a\000n\000d\000\040\000R\000e\000n\000d\000e\000r\000e\000d\000\040\000O\000b\000s\000e\000r\000v\000a\000t\000i\000o\000n}{section.22}% 65
\BOOKMARK [1][-]{section.23}{\376\377\000R\000e\000n\000d\000e\000r\000i\000n\000g\000\040\000E\000x\000t\000e\000n\000s\000i\000o\000n\000s\000\040\000a\000n\000d\000\040\000F\000i\000e\000l\000d\000-\000T\000h\000e\000o\000r\000e\000t\000i\000c\000\040\000C\000o\000n\000n\000e\000c\000t\000i\000o\000n\000s}{}% 66
\BOOKMARK [2][-]{subsection.23.1}{\376\377\000D\000i\000f\000f\000e\000r\000e\000n\000t\000i\000a\000l\000\040\000P\000r\000o\000s\000o\000d\000i\000c\000\040\000E\000n\000v\000e\000l\000o\000p\000e\000s}{section.23}% 67
\BOOKMARK [2][-]{subsection.23.2}{\376\377\000H\000a\000p\000t\000i\000c\000\040\000F\000i\000e\000l\000d\000\040\000M\000o\000d\000u\000l\000a\000t\000i\000o\000n}{section.23}% 68
\BOOKMARK [2][-]{subsection.23.3}{\376\377\000E\000x\000p\000r\000e\000s\000s\000i\000v\000e\000\040\000C\000o\000h\000e\000r\000e\000n\000c\000e\000\040\000a\000s\000\040\000a\000\040\000V\000i\000s\000u\000a\000l\000\040\000F\000i\000l\000t\000e\000r}{section.23}% 69
\BOOKMARK [2][-]{subsection.23.4}{\376\377\000S\000a\000l\000i\000e\000n\000c\000e\000-\000B\000a\000s\000e\000d\000\040\000R\000e\000c\000o\000n\000s\000t\000r\000u\000c\000t\000i\000o\000n\000\040\000C\000u\000e\000s}{section.23}% 70
\BOOKMARK [2][-]{subsection.23.5}{\376\377\000C\000o\000n\000n\000e\000c\000t\000i\000o\000n\000\040\000t\000o\000\040\000R\000S\000V\000P\000\040\000C\000o\000n\000s\000t\000r\000a\000i\000n\000t\000-\000E\000n\000e\000r\000g\000y\000\040\000M\000i\000n\000i\000m\000i\000s\000a\000t\000i\000o\000n}{section.23}% 71
\BOOKMARK [1][-]{section.24}{\376\377\000C\000o\000n\000c\000l\000u\000s\000i\000o\000n}{}% 72
