\BOOKMARK [1][-]{section.1}{\376\377\000I\000n\000t\000r\000o\000d\000u\000c\000t\000i\000o\000n\000:\000\040\000T\000e\000x\000t\000\040\000a\000s\000\040\000L\000o\000s\000s\000y\000\040\000P\000r\000o\000j\000e\000c\000t\000i\000o\000n}{}% 1
\BOOKMARK [1][-]{section.2}{\376\377\000T\000h\000e\000\040\000P\000r\000o\000s\000o\000d\000i\000c\000\040\000M\000e\000a\000s\000u\000r\000e\000m\000e\000n\000t\000\040\000O\000p\000e\000r\000a\000t\000o\000r}{}% 2
\BOOKMARK [1][-]{section.3}{\376\377\000M\000o\000d\000a\000l\000\040\000S\000t\000o\000r\000a\000g\000e\000:\000\040\000T\000h\000e\000\040\000M\000E\000M\000|\0008\000\040\000L\000a\000t\000t\000i\000c\000e\000\040\000C\000o\000o\000r\000d\000i\000n\000a\000t\000e}{}% 3
\BOOKMARK [1][-]{section.4}{\376\377\000H\000y\000p\000e\000r\000b\000i\000o\000n\000i\000c\000\040\000T\000y\000p\000o\000g\000r\000a\000p\000h\000y\000\040\000a\000s\000\040\000a\000\040\000P\000r\000o\000j\000e\000c\000t\000i\000o\000n\000\040\000O\000p\000e\000r\000a\000t\000o\000r}{}% 4
\BOOKMARK [1][-]{section.5}{\376\377\000E\000q\000u\000i\000v\000a\000l\000e\000n\000c\000e\000\040\000o\000f\000\040\000R\000e\000p\000r\000e\000s\000e\000n\000t\000a\000t\000i\000o\000n\000s}{}% 5
\BOOKMARK [1][-]{section.6}{\376\377\000E\000x\000t\000e\000n\000s\000i\000o\000n\000\040\000t\000o\000\040\000H\000i\000g\000h\000e\000r\000-\000D\000i\000m\000e\000n\000s\000i\000o\000n\000a\000l\000\040\000F\000e\000a\000t\000u\000r\000e\000s\000:\000\040\000D\000e\000l\000a\000y\000\040\000a\000n\000d\000\040\000R\000e\000v\000e\000r\000b\000e\000r\000a\000t\000i\000o\000n}{}% 6
\BOOKMARK [2][-]{subsection.6.1}{\376\377\000D\000e\000l\000a\000y\000\040\000a\000s\000\040\000a\000\040\000S\000p\000a\000t\000i\000a\000l\000\040\000D\000u\000p\000l\000i\000c\000a\000t\000i\000o\000n\000\040\000O\000p\000e\000r\000a\000t\000o\000r}{section.6}% 7
\BOOKMARK [2][-]{subsection.6.2}{\376\377\000R\000e\000v\000e\000r\000b\000e\000r\000a\000t\000i\000o\000n\000\040\000a\000s\000\040\000a\000\040\000C\000o\000n\000v\000o\000l\000u\000t\000i\000o\000n\000a\000l\000\040\000H\000a\000l\000o}{section.6}% 8
\BOOKMARK [1][-]{section.7}{\376\377\000S\000p\000e\000e\000c\000h\000\040\000a\000s\000\040\000T\000r\000a\000j\000e\000c\000t\000o\000r\000y\000:\000\040\000T\000h\000e\000\040\000T\000e\000m\000p\000o\000r\000a\000l\000\040\000E\000x\000t\000e\000n\000s\000i\000o\000n}{}% 9
\BOOKMARK [2][-]{subsection.7.1}{\376\377\000W\000o\000r\000d\000\040\000B\000a\000s\000i\000n\000s\000\040\000a\000n\000d\000\040\000T\000r\000a\000j\000e\000c\000t\000o\000r\000y\000\040\000R\000e\000s\000o\000n\000a\000n\000c\000e}{section.7}% 10
\BOOKMARK [2][-]{subsection.7.2}{\376\377\000T\000r\000a\000j\000e\000c\000t\000o\000r\000y\000\040\000E\000q\000u\000i\000v\000a\000l\000e\000n\000c\000e\000\040\000A\000c\000r\000o\000s\000s\000\040\000M\000o\000d\000a\000l\000i\000t\000i\000e\000s}{section.7}% 11
\BOOKMARK [1][-]{section.8}{\376\377\000F\000r\000o\000m\000\040\000S\000a\000l\000i\000e\000n\000c\000e\000\040\000P\000a\000c\000k\000e\000t\000s\000\040\000t\000o\000\040\000M\000o\000d\000a\000l\000\040\000T\000r\000a\000j\000e\000c\000t\000o\000r\000i\000e\000s}{}% 12
\BOOKMARK [2][-]{subsection.8.1}{\376\377\000T\000h\000e\000\040\000S\000a\000l\000i\000e\000n\000c\000e\000\040\000P\000a\000c\000k\000e\000t\000\040\000a\000s\000\040\000F\000u\000n\000d\000a\000m\000e\000n\000t\000a\000l\000\040\000U\000n\000i\000t}{section.8}% 13
\BOOKMARK [2][-]{subsection.8.2}{\376\377\000P\000a\000c\000k\000e\000t\000-\000t\000o\000-\000M\000o\000d\000a\000l\000\040\000P\000r\000o\000j\000e\000c\000t\000i\000o\000n}{section.8}% 14
\BOOKMARK [2][-]{subsection.8.3}{\376\377\000T\000h\000e\000\040\000S\000a\000l\000i\000e\000n\000c\000e\000M\000a\000r\000k\000e\000r\000\040\000E\000n\000u\000m\000e\000r\000a\000t\000i\000o\000n\000\040\000a\000s\000\040\000T\000o\000p\000o\000l\000o\000g\000i\000c\000a\000l\000\040\000S\000i\000g\000n\000a\000l}{section.8}% 15
\BOOKMARK [1][-]{section.9}{\376\377\000A\000\040\000R\000e\000a\000l\000\040\000T\000r\000a\000j\000e\000c\000t\000o\000r\000y\000\040\000S\000p\000a\000c\000e\000\040\000a\000n\000d\000\040\000T\000A\000R\000T\000A\000N\000\040\000M\000u\000l\000t\000i\000s\000c\000a\000l\000e\000\040\000T\000i\000l\000i\000n\000g}{}% 16
\BOOKMARK [2][-]{subsection.9.1}{\376\377\000T\000h\000e\000\040\000R\000e\000a\000l\000\040\000T\000r\000a\000j\000e\000c\000t\000o\000r\000y\000\040\000S\000p\000a\000c\000e}{section.9}% 17
\BOOKMARK [2][-]{subsection.9.2}{\376\377\000T\000A\000R\000T\000A\000N\000:\000\040\000T\000r\000a\000j\000e\000c\000t\000o\000r\000y\000-\000A\000w\000a\000r\000e\000\040\000R\000e\000c\000u\000r\000s\000i\000v\000e\000\040\000T\000i\000l\000i\000n\000g\000\040\000w\000i\000t\000h\000\040\000A\000n\000n\000o\000t\000a\000t\000e\000d\000\040\000N\000o\000i\000s\000e}{section.9}% 18
\BOOKMARK [2][-]{subsection.9.3}{\376\377\000T\000h\000e\000\040\000C\000o\000m\000p\000l\000e\000t\000e\000\040\000E\000q\000u\000i\000v\000a\000l\000e\000n\000c\000e}{section.9}% 19
\BOOKMARK [1][-]{section.10}{\376\377\000R\000e\000c\000o\000n\000s\000t\000r\000u\000c\000t\000i\000o\000n\000\040\000a\000n\000d\000\040\000C\000u\000e\000-\000B\000a\000s\000e\000d\000\040\000R\000e\000t\000r\000i\000e\000v\000a\000l}{}% 20
\BOOKMARK [1][-]{section.11}{\376\377\000C\000o\000n\000s\000t\000r\000a\000i\000n\000t\000s\000\040\000a\000n\000d\000\040\000S\000t\000a\000b\000i\000l\000i\000t\000y}{}% 21
\BOOKMARK [1][-]{section.12}{\376\377\000I\000m\000p\000l\000e\000m\000e\000n\000t\000a\000t\000i\000o\000n\000:\000\040\000T\000h\000e\000\040\000M\000a\000r\000i\000n\000e\000\040\000P\000r\000o\000c\000e\000s\000s\000o\000r\000\040\000a\000s\000\040\000M\000\040\000i\000n\000\040\000P\000r\000a\000c\000t\000i\000c\000e}{}% 22
\BOOKMARK [2][-]{subsection.12.1}{\376\377\000E\000x\000p\000o\000n\000e\000n\000t\000i\000a\000l\000\040\000M\000o\000v\000i\000n\000g\000\040\000A\000v\000e\000r\000a\000g\000e\000\040\000v\000e\000r\000s\000u\000s\000\040\000W\000i\000n\000d\000o\000w\000\040\000M\000e\000a\000n}{section.12}% 23
\BOOKMARK [2][-]{subsection.12.2}{\376\377\000T\000h\000e\000\040\000H\000a\000r\000m\000o\000n\000i\000c\000\040\000C\000o\000h\000e\000r\000e\000n\000c\000e\000\040\000P\000l\000a\000c\000e\000h\000o\000l\000d\000e\000r}{section.12}% 24
\BOOKMARK [1][-]{section.13}{\376\377\000O\000p\000e\000r\000a\000t\000i\000o\000n\000a\000l\000\040\000C\000o\000n\000s\000t\000r\000a\000i\000n\000t\000s\000\040\000a\000n\000d\000\040\000R\000e\000a\000l\000-\000T\000i\000m\000e\000\040\000G\000e\000o\000m\000e\000t\000r\000y}{}% 25
\BOOKMARK [2][-]{subsection.13.1}{\376\377\000P\000e\000r\000i\000o\000d\000\040\000V\000a\000l\000i\000d\000i\000t\000y\000\040\000G\000a\000t\000e}{section.13}% 26
\BOOKMARK [2][-]{subsection.13.2}{\376\377\000C\000l\000i\000p\000\040\000T\000h\000r\000e\000s\000h\000o\000l\000d\000\040\000a\000s\000\040\000a\000\040\000P\000r\000e\000-\000G\000a\000t\000e}{section.13}% 27
\BOOKMARK [1][-]{section.14}{\376\377\000B\000e\000y\000o\000n\000d\000\040\000t\000h\000e\000\040\000A\000u\000d\000i\000b\000l\000e\000-\000S\000t\000a\000b\000l\000e\000\040\000R\000e\000g\000i\000m\000e\000:\000\040\000H\000a\000p\000t\000i\000c\000\040\000E\000x\000t\000e\000n\000s\000i\000o\000n\000\040\000a\000n\000d\000\040\000E\000x\000p\000r\000e\000s\000s\000i\000v\000e\000\040\000D\000e\000v\000i\000a\000t\000i\000o\000n}{}% 28
\BOOKMARK [2][-]{subsection.14.1}{\376\377\000I\000n\000f\000r\000a\000s\000o\000u\000n\000d\000\040\000a\000n\000d\000\040\000t\000h\000e\000\040\000H\000a\000p\000t\000i\000c\000\040\000C\000h\000a\000n\000n\000e\000l}{section.14}% 29
\BOOKMARK [2][-]{subsection.14.2}{\376\377\000S\000t\000r\000u\000c\000t\000u\000r\000e\000d\000\040\000J\000i\000t\000t\000e\000r\000\040\000a\000s\000\040\000E\000x\000p\000r\000e\000s\000s\000i\000v\000e\000\040\000S\000i\000g\000n\000a\000l}{section.14}% 30
\BOOKMARK [2][-]{subsection.14.3}{\376\377\000R\000e\000i\000n\000t\000e\000r\000p\000r\000e\000t\000a\000t\000i\000o\000n\000\040\000o\000f\000\040\000A\000n\000n\000o\000t\000a\000t\000e\000d\000\040\000N\000o\000i\000s\000e\000\040\000i\000n\000\040\000T\000A\000R\000T\000A\000N}{section.14}% 31
\BOOKMARK [2][-]{subsection.14.4}{\376\377\000E\000x\000a\000m\000p\000l\000e\000:\000\040\000R\000o\000b\000o\000t\000i\000c\000\040\000v\000e\000r\000s\000u\000s\000\040\000E\000x\000p\000r\000e\000s\000s\000i\000v\000e\000\040\000U\000t\000t\000e\000r\000a\000n\000c\000e}{section.14}% 32
\BOOKMARK [1][-]{section.15}{\376\377\000T\000r\000i\000a\000n\000g\000u\000l\000a\000r\000\040\000E\000q\000u\000i\000v\000a\000l\000e\000n\000c\000e}{}% 33
\BOOKMARK [1][-]{section.16}{\376\377\000C\000o\000n\000c\000l\000u\000s\000i\000o\000n}{}% 34
