\BOOKMARK [1][-]{section.1}{\376\377\000I\000n\000t\000r\000o\000d\000u\000c\000t\000i\000o\000n\000:\000\040\000F\000r\000o\000m\000\040\000E\000x\000p\000r\000e\000s\000s\000i\000v\000i\000t\000y\000\040\000t\000o\000\040\000C\000o\000n\000s\000t\000r\000a\000i\000n\000t}{}% 1
\BOOKMARK [1][-]{section.2}{\376\377\000T\000h\000e\000\040\000A\000m\000p\000l\000i\000t\000w\000i\000s\000t\000\040\000O\000p\000e\000r\000a\000t\000o\000r\000\040\000a\000s\000\040\000a\000\040\000U\000n\000i\000v\000e\000r\000s\000a\000l\000\040\000T\000r\000a\000n\000s\000f\000o\000r\000m\000a\000t\000i\000o\000n\000\040\000B\000a\000s\000i\000s}{}% 2
\BOOKMARK [2][-]{subsection.2.1}{\376\377\000O\000p\000e\000r\000a\000t\000o\000r\000\040\000d\000e\000f\000i\000n\000i\000t\000i\000o\000n}{section.2}% 3
\BOOKMARK [2][-]{subsection.2.2}{\376\377\000C\000a\000s\000c\000a\000d\000e\000\040\000c\000o\000m\000p\000o\000s\000i\000t\000i\000o\000n}{section.2}% 4
\BOOKMARK [2][-]{subsection.2.3}{\376\377\000T\000w\000o\000\040\000r\000e\000g\000i\000m\000e\000s\000\040\000o\000f\000\040\000o\000p\000e\000r\000a\000t\000i\000o\000n}{section.2}% 5
\BOOKMARK [1][-]{section.3}{\376\377\000F\000i\000e\000l\000d\000-\000T\000h\000e\000o\000r\000e\000t\000i\000c\000\040\000E\000m\000b\000e\000d\000d\000i\000n\000g\000\040\000a\000n\000d\000\040\000P\000h\000a\000s\000e\000\040\000A\000l\000i\000g\000n\000m\000e\000n\000t}{}% 6
\BOOKMARK [2][-]{subsection.3.1}{\376\377\000R\000S\000V\000P\000\040\000f\000i\000e\000l\000d\000s\000\040\000a\000s\000\040\000s\000t\000a\000t\000e\000\040\000s\000p\000a\000c\000e}{section.3}% 7
\BOOKMARK [2][-]{subsection.3.2}{\376\377\000P\000h\000a\000s\000e\000\040\000a\000l\000i\000g\000n\000m\000e\000n\000t\000\040\000a\000n\000d\000\040\000t\000h\000e\000\040\000a\000m\000p\000l\000i\000t\000w\000i\000s\000t\000\040\000a\000n\000g\000l\000e}{section.3}% 8
\BOOKMARK [2][-]{subsection.3.3}{\376\377\000E\000n\000t\000r\000o\000p\000y\000\040\000w\000e\000i\000g\000h\000t\000i\000n\000g\000\040\000a\000s\000\040\000b\000i\000o\000l\000o\000g\000i\000c\000a\000l\000\040\000p\000r\000i\000o\000r}{section.3}% 9
\BOOKMARK [1][-]{section.4}{\376\377\000H\000y\000b\000r\000i\000d\000\040\000D\000y\000n\000a\000m\000i\000c\000s\000\040\000a\000n\000d\000\040\000C\000o\000n\000v\000e\000r\000g\000e\000n\000c\000e}{}% 10
\BOOKMARK [1][-]{section.5}{\376\377\000S\000p\000e\000c\000t\000r\000a\000l\000\040\000G\000e\000o\000m\000e\000t\000r\000y\000\040\000a\000n\000d\000\040\000E\000f\000f\000i\000c\000i\000e\000n\000c\000y\000\040\000C\000o\000n\000s\000t\000r\000a\000i\000n\000t\000s}{}% 11
\BOOKMARK [2][-]{subsection.5.1}{\376\377\000E\000i\000g\000e\000n\000m\000o\000d\000e\000\040\000s\000t\000r\000u\000c\000t\000u\000r\000e}{section.5}% 12
\BOOKMARK [2][-]{subsection.5.2}{\376\377\000E\000f\000f\000i\000c\000i\000e\000n\000c\000y\000\040\000b\000o\000u\000n\000d}{section.5}% 13
\BOOKMARK [1][-]{section.6}{\376\377\000T\000h\000e\000\040\000B\000i\000o\000l\000o\000g\000i\000c\000a\000l\000\040\000P\000r\000i\000o\000r\000:\000\040\000D\000y\000n\000a\000m\000i\000c\000a\000l\000\040\000C\000o\000n\000s\000t\000r\000a\000i\000n\000t\000\040\000v\000i\000a\000\040\000C\000P\000G\000-\000L\000i\000k\000e\000\040\000S\000t\000r\000u\000c\000t\000u\000r\000e\000s}{}% 14
\BOOKMARK [2][-]{subsection.6.1}{\376\377\000T\000h\000e\000\040\000c\000a\000p\000a\000c\000i\000t\000y\040\023\000i\000m\000p\000l\000e\000m\000e\000n\000t\000a\000t\000i\000o\000n\000\040\000g\000a\000p}{section.6}% 15
\BOOKMARK [2][-]{subsection.6.2}{\376\377\000C\000P\000G\000-\000l\000i\000k\000e\000\040\000d\000y\000n\000a\000m\000i\000c\000s\000\040\000a\000s\000\040\000a\000\040\000t\000r\000a\000j\000e\000c\000t\000o\000r\000y\000\040\000p\000r\000i\000o\000r}{section.6}% 16
\BOOKMARK [2][-]{subsection.6.3}{\376\377\000E\000r\000r\000o\000r\000s\000\040\000u\000n\000d\000e\000r\000\040\000t\000h\000e\000\040\000p\000r\000i\000o\000r}{section.6}% 17
\BOOKMARK [1][-]{section.7}{\376\377\000R\000e\000p\000r\000e\000s\000e\000n\000t\000a\000t\000i\000o\000n\000\040\000a\000s\000\040\000T\000r\000a\000j\000e\000c\000t\000o\000r\000y\000\040\000E\000q\000u\000i\000v\000a\000l\000e\000n\000c\000e}{}% 18
\BOOKMARK [2][-]{subsection.7.1}{\376\377\000A\000g\000a\000i\000n\000s\000t\000\040\000s\000t\000a\000t\000i\000c\000\040\000e\000n\000c\000o\000d\000i\000n\000g}{section.7}% 19
\BOOKMARK [2][-]{subsection.7.2}{\376\377\000T\000r\000a\000j\000e\000c\000t\000o\000r\000y\000\040\000e\000q\000u\000i\000v\000a\000l\000e\000n\000c\000e}{section.7}% 20
\BOOKMARK [2][-]{subsection.7.3}{\376\377\000C\000P\000G\000\040\000d\000y\000n\000a\000m\000i\000c\000s\000\040\000a\000s\000\040\000a\000\040\000t\000r\000a\000j\000e\000c\000t\000o\000r\000y\000\040\000b\000a\000s\000i\000s}{section.7}% 21
\BOOKMARK [1][-]{section.8}{\376\377\000P\000r\000e\000d\000i\000c\000t\000i\000o\000n\000s\000\040\000A\000b\000o\000u\000t\000\040\000C\000o\000g\000n\000i\000t\000i\000v\000e\000\040\000D\000y\000n\000a\000m\000i\000c\000s}{}% 22
\BOOKMARK [1][-]{section.9}{\376\377\000E\000x\000p\000e\000r\000i\000m\000e\000n\000t\000a\000l\000\040\000D\000e\000s\000i\000g\000n\000:\000\040\000C\000o\000m\000p\000o\000s\000i\000t\000i\000o\000n\000a\000l\000\040\000v\000s\000\040\000N\000o\000n\000-\000C\000o\000m\000p\000o\000s\000i\000t\000i\000o\000n\000a\000l\000\040\000T\000a\000s\000k\000s}{}% 23
\BOOKMARK [2][-]{subsection.9.1}{\376\377\000C\000o\000n\000t\000r\000o\000l\000l\000e\000d\000\040\000t\000r\000a\000n\000s\000f\000o\000r\000m\000a\000t\000i\000o\000n\000\040\000d\000o\000m\000a\000i\000n}{section.9}% 24
\BOOKMARK [2][-]{subsection.9.2}{\376\377\000C\000o\000m\000p\000o\000s\000i\000t\000i\000o\000n\000a\000l\000\040\000t\000a\000s\000k\000\040\000f\000a\000m\000i\000l\000y}{section.9}% 25
\BOOKMARK [2][-]{subsection.9.3}{\376\377\000N\000o\000n\000-\000c\000o\000m\000p\000o\000s\000i\000t\000i\000o\000n\000a\000l\000\040\000t\000a\000s\000k\000\040\000f\000a\000m\000i\000l\000y}{section.9}% 26
\BOOKMARK [2][-]{subsection.9.4}{\376\377\000T\000r\000a\000j\000e\000c\000t\000o\000r\000y\000\040\000m\000e\000a\000s\000u\000r\000e\000m\000e\000n\000t}{section.9}% 27
\BOOKMARK [1][-]{section.10}{\376\377\000H\000u\000m\000a\000n\000\040\000v\000s\000\040\000M\000o\000d\000e\000l\000\040\000C\000o\000m\000p\000a\000r\000i\000s\000o\000n}{}% 28
\BOOKMARK [2][-]{subsection.10.1}{\376\377\000A\000l\000i\000g\000n\000m\000e\000n\000t\000\040\000l\000o\000s\000s}{section.10}% 29
\BOOKMARK [2][-]{subsection.10.2}{\376\377\000P\000r\000e\000d\000i\000c\000t\000e\000d\000\040\000a\000s\000y\000m\000m\000e\000t\000r\000i\000e\000s}{section.10}% 30
\BOOKMARK [1][-]{section.11}{\376\377\000I\000n\000t\000e\000r\000p\000r\000e\000t\000a\000t\000i\000o\000n\000:\000\040\000G\000e\000o\000m\000e\000t\000r\000y\000\040\000a\000s\000\040\000t\000h\000e\000\040\000I\000n\000v\000a\000r\000i\000a\000n\000t\000\040\000S\000u\000b\000s\000t\000r\000a\000t\000e}{}% 31
\BOOKMARK [1][-]{section.12}{\376\377\000F\000a\000l\000s\000i\000f\000i\000a\000b\000i\000l\000i\000t\000y\000\040\000a\000n\000d\000\040\000O\000u\000t\000c\000o\000m\000e\000s}{}% 32
\BOOKMARK [1][-]{section.13}{\376\377\000C\000o\000n\000c\000l\000u\000s\000i\000o\000n}{}% 33
\BOOKMARK [1][-]{appendix.A}{\376\377\000A\000m\000p\000l\000i\000t\000w\000i\000s\000t\000\040\000O\000p\000e\000r\000a\000t\000o\000r\000\040\000A\000l\000g\000e\000b\000r\000a}{}% 34
\BOOKMARK [2][-]{subsection.A.1}{\376\377\000L\000o\000c\000a\000l\000\040\000O\000p\000e\000r\000a\000t\000o\000r\000\040\000D\000e\000f\000i\000n\000i\000t\000i\000o\000n}{appendix.A}% 35
\BOOKMARK [2][-]{subsection.A.2}{\376\377\000C\000o\000m\000p\000o\000s\000i\000t\000i\000o\000n\000\040\000L\000a\000w}{appendix.A}% 36
\BOOKMARK [2][-]{subsection.A.3}{\376\377\000L\000o\000c\000a\000l\000\040\000L\000i\000n\000e\000a\000r\000i\000z\000a\000t\000i\000o\000n}{appendix.A}% 37
\BOOKMARK [2][-]{subsection.A.4}{\376\377\000D\000e\000n\000s\000i\000t\000y\000\040\000i\000n\000\040\000F\000u\000n\000c\000t\000i\000o\000n\000\040\000S\000p\000a\000c\000e}{appendix.A}% 38
\BOOKMARK [2][-]{subsection.A.5}{\376\377\000C\000a\000s\000c\000a\000d\000e\000s\000\040\000a\000s\000\040\000O\000p\000e\000r\000a\000t\000o\000r\000\040\000S\000e\000q\000u\000e\000n\000c\000e\000s}{appendix.A}% 39
\BOOKMARK [2][-]{subsection.A.6}{\376\377\000S\000e\000p\000a\000r\000a\000t\000i\000o\000n\000\040\000o\000f\000\040\000C\000a\000p\000a\000c\000i\000t\000y\000\040\000a\000n\000d\000\040\000I\000m\000p\000l\000e\000m\000e\000n\000t\000a\000t\000i\000o\000n}{appendix.A}% 40
\BOOKMARK [1][-]{appendix.B}{\376\377\000P\000h\000a\000s\000e\000\040\000A\000l\000i\000g\000n\000m\000e\000n\000t\000\040\000a\000n\000d\000\040\000V\000o\000r\000t\000i\000c\000i\000t\000y}{}% 41
\BOOKMARK [2][-]{subsection.B.1}{\376\377\000F\000i\000e\000l\000d\000\040\000S\000t\000r\000u\000c\000t\000u\000r\000e}{appendix.B}% 42
\BOOKMARK [2][-]{subsection.B.2}{\376\377\000P\000h\000a\000s\000e\000\040\000A\000l\000i\000g\000n\000m\000e\000n\000t}{appendix.B}% 43
\BOOKMARK [2][-]{subsection.B.3}{\376\377\000A\000l\000i\000g\000n\000m\000e\000n\000t\000\040\000F\000u\000n\000c\000t\000i\000o\000n\000a\000l}{appendix.B}% 44
\BOOKMARK [2][-]{subsection.B.4}{\376\377\000V\000o\000r\000t\000i\000c\000i\000t\000y}{appendix.B}% 45
\BOOKMARK [2][-]{subsection.B.5}{\376\377\000P\000h\000a\000s\000e\040\023\000V\000o\000r\000t\000i\000c\000i\000t\000y\000\040\000R\000e\000l\000a\000t\000i\000o\000n\000s\000h\000i\000p}{appendix.B}% 46
\BOOKMARK [2][-]{subsection.B.6}{\376\377\000D\000i\000s\000c\000r\000e\000t\000e\000\040\000A\000p\000p\000r\000o\000x\000i\000m\000a\000t\000i\000o\000n}{appendix.B}% 47
\BOOKMARK [2][-]{subsection.B.7}{\376\377\000C\000o\000h\000e\000r\000e\000n\000c\000e\000\040\000C\000r\000i\000t\000e\000r\000i\000o\000n}{appendix.B}% 48
\BOOKMARK [1][-]{appendix.C}{\376\377\000E\000n\000t\000r\000o\000p\000y\000\040\000W\000e\000i\000g\000h\000t\000i\000n\000g\000\040\000a\000s\000\040\000a\000\040\000B\000i\000o\000l\000o\000g\000i\000c\000a\000l\000\040\000P\000r\000i\000o\000r}{}% 49
\BOOKMARK [2][-]{subsection.C.1}{\376\377\000E\000n\000t\000r\000o\000p\000y\000\040\000F\000i\000e\000l\000d\000\040\000a\000n\000d\000\040\000W\000e\000i\000g\000h\000t\000i\000n\000g}{appendix.C}% 50
\BOOKMARK [2][-]{subsection.C.2}{\376\377\000V\000a\000r\000i\000a\000t\000i\000o\000n\000a\000l\000\040\000F\000o\000r\000m\000u\000l\000a\000t\000i\000o\000n}{appendix.C}% 51
\BOOKMARK [2][-]{subsection.C.3}{\376\377\000A\000d\000m\000i\000s\000s\000i\000b\000i\000l\000i\000t\000y\000\040\000a\000n\000d\000\040\000S\000t\000a\000b\000i\000l\000i\000t\000y}{appendix.C}% 52
\BOOKMARK [2][-]{subsection.C.4}{\376\377\000E\000n\000t\000r\000o\000p\000y\040\023\000V\000o\000r\000t\000i\000c\000i\000t\000y\000\040\000C\000o\000u\000p\000l\000i\000n\000g}{appendix.C}% 53
\BOOKMARK [2][-]{subsection.C.5}{\376\377\000R\000e\000g\000u\000l\000a\000r\000i\000s\000e\000d\000\040\000E\000n\000e\000r\000g\000y\000\040\000F\000u\000n\000c\000t\000i\000o\000n\000a\000l}{appendix.C}% 54
\BOOKMARK [1][-]{appendix.D}{\376\377\000H\000y\000b\000r\000i\000d\000\040\000D\000y\000n\000a\000m\000i\000c\000s\000\040\000a\000n\000d\000\040\000T\000r\000o\000t\000t\000e\000r\040\023\000K\000a\000t\000o\000\040\000C\000o\000n\000v\000e\000r\000g\000e\000n\000c\000e}{}% 55
\BOOKMARK [2][-]{subsection.D.1}{\376\377\000S\000e\000m\000i\000g\000r\000o\000u\000p\000\040\000E\000v\000o\000l\000u\000t\000i\000o\000n}{appendix.D}% 56
\BOOKMARK [2][-]{subsection.D.2}{\376\377\000D\000i\000s\000c\000r\000e\000t\000e\000\040\000O\000p\000e\000r\000a\000t\000o\000r\000\040\000U\000p\000d\000a\000t\000e\000s}{appendix.D}% 57
\BOOKMARK [2][-]{subsection.D.3}{\376\377\000L\000i\000n\000e\000a\000r\000\040\000T\000r\000o\000t\000t\000e\000r\040\023\000K\000a\000t\000o\000\040\000F\000r\000a\000m\000e\000w\000o\000r\000k}{appendix.D}% 58
\BOOKMARK [2][-]{subsection.D.4}{\376\377\000N\000o\000n\000l\000i\000n\000e\000a\000r\000\040\000E\000x\000t\000e\000n\000s\000i\000o\000n\000\040\000\050\000L\000i\000e\040\023\000T\000r\000o\000t\000t\000e\000r\000\040\000S\000p\000l\000i\000t\000t\000i\000n\000g\000\051}{appendix.D}% 59
\BOOKMARK [2][-]{subsection.D.5}{\376\377\000C\000o\000n\000v\000e\000r\000g\000e\000n\000c\000e\000\040\000R\000e\000s\000u\000l\000t}{appendix.D}% 60
\BOOKMARK [1][-]{appendix.E}{\376\377\000S\000p\000e\000c\000t\000r\000a\000l\000\040\000G\000e\000o\000m\000e\000t\000r\000y\000\040\000a\000n\000d\000\040\000E\000f\000f\000i\000c\000i\000e\000n\000c\000y\000\040\000B\000o\000u\000n\000d\000s}{}% 61
\BOOKMARK [2][-]{subsection.E.1}{\376\377\000L\000a\000p\000l\000a\000c\000i\000a\000n\000\040\000a\000n\000d\000\040\000E\000i\000g\000e\000n\000s\000t\000r\000u\000c\000t\000u\000r\000e}{appendix.E}% 62
\BOOKMARK [2][-]{subsection.E.2}{\376\377\000E\000f\000f\000i\000c\000i\000e\000n\000c\000y\000\040\000M\000e\000t\000r\000i\000c\000\040\000a\000n\000d\000\040\000B\000o\000u\000n\000d}{appendix.E}% 63
\BOOKMARK [2][-]{subsection.E.3}{\376\377\000G\000e\000o\000m\000e\000t\000r\000i\000c\000\040\000I\000n\000t\000e\000r\000p\000r\000e\000t\000a\000t\000i\000o\000n}{appendix.E}% 64
\BOOKMARK [2][-]{subsection.E.4}{\376\377\000S\000p\000e\000c\000t\000r\000a\000l\000\040\000F\000i\000l\000t\000e\000r\000i\000n\000g\000\040\000a\000n\000d\000\040\000t\000h\000e\000\040\000B\000i\000o\000l\000o\000g\000i\000c\000a\000l\000\040\000S\000u\000b\000s\000p\000a\000c\000e}{appendix.E}% 65
\BOOKMARK [1][-]{appendix.F}{\376\377\000D\000y\000n\000a\000m\000i\000c\000a\000l\000\040\000C\000o\000n\000s\000t\000r\000a\000i\000n\000t\000\040\000M\000o\000d\000e\000l\000\040\000\050\000C\000P\000G\000\040\000P\000r\000i\000o\000r\000\051}{}% 66
\BOOKMARK [2][-]{subsection.F.1}{\376\377\000T\000r\000a\000j\000e\000c\000t\000o\000r\000y\000\040\000S\000p\000a\000c\000e\000s\000\040\000a\000n\000d\000\040\000B\000i\000o\000l\000o\000g\000i\000c\000a\000l\000\040\000R\000e\000a\000l\000i\000s\000a\000t\000i\000o\000n}{appendix.F}% 67
\BOOKMARK [2][-]{subsection.F.2}{\376\377\000C\000o\000n\000s\000t\000r\000a\000i\000n\000t\000\040\000F\000u\000n\000c\000t\000i\000o\000n\000a\000l}{appendix.F}% 68
\BOOKMARK [2][-]{subsection.F.3}{\376\377\000L\000o\000w\000-\000D\000i\000m\000e\000n\000s\000i\000o\000n\000a\000l\000\040\000M\000a\000n\000i\000f\000o\000l\000d\000\040\000C\000o\000n\000s\000t\000r\000a\000i\000n\000t}{appendix.F}% 69
\BOOKMARK [1][-]{appendix.G}{\376\377\000A\000d\000m\000i\000s\000s\000i\000b\000i\000l\000i\000t\000y\000\040\000C\000o\000n\000s\000t\000r\000a\000i\000n\000t\000s\000\040\000a\000n\000d\000\040\000t\000h\000e\000\040\000R\000e\000v\000i\000s\000e\000d\000\040\000C\000a\000t\000e\000g\000o\000r\000i\000c\000a\000l\000\040\000P\000r\000i\000n\000c\000i\000p\000l\000e}{}% 70
\BOOKMARK [2][-]{subsection.G.1}{\376\377\000M\000o\000t\000i\000v\000a\000t\000i\000o\000n}{appendix.G}% 71
\BOOKMARK [2][-]{subsection.G.2}{\376\377\000A\000d\000m\000i\000s\000s\000i\000b\000l\000e\000\040\000T\000r\000a\000n\000s\000f\000o\000r\000m\000a\000t\000i\000o\000n\000\040\000S\000e\000t}{appendix.G}% 72
\BOOKMARK [2][-]{subsection.G.3}{\376\377\000C\000o\000n\000s\000t\000r\000a\000i\000n\000t\000\040\000F\000u\000n\000c\000t\000i\000o\000n\000a\000l}{appendix.G}% 73
\BOOKMARK [2][-]{subsection.G.4}{\376\377\000T\000h\000e\000\040\000R\000e\000v\000i\000s\000e\000d\000\040\000C\000a\000t\000e\000g\000o\000r\000i\000c\000a\000l\000\040\000P\000r\000i\000n\000c\000i\000p\000l\000e}{appendix.G}% 74
\BOOKMARK [2][-]{subsection.G.5}{\376\377\000C\000o\000m\000p\000o\000s\000i\000t\000i\000o\000n\000a\000l\000\040\000C\000l\000o\000s\000u\000r\000e}{appendix.G}% 75
\BOOKMARK [2][-]{subsection.G.6}{\376\377\000R\000e\000l\000a\000t\000i\000o\000n\000\040\000t\000o\000\040\000B\000i\000o\000l\000o\000g\000i\000c\000a\000l\000\040\000P\000r\000i\000o\000r\000\040\000a\000n\000d\000\040\000S\000p\000e\000c\000t\000r\000a\000l\000\040\000S\000t\000r\000u\000c\000t\000u\000r\000e}{appendix.G}% 76
\BOOKMARK [2][-]{subsection.G.7}{\376\377\000A\000l\000i\000g\000n\000m\000e\000n\000t\000\040\000W\000i\000t\000h\000o\000u\000t\000\040\000I\000d\000e\000n\000t\000i\000c\000a\000l\000\040\000O\000u\000t\000p\000u\000t\000s}{appendix.G}% 77
\BOOKMARK [1][-]{appendix.H}{\376\377\000R\000e\000p\000r\000e\000s\000e\000n\000t\000a\000t\000i\000o\000n\000\040\000a\000s\000\040\000T\000r\000a\000j\000e\000c\000t\000o\000r\000y\000\040\000E\000q\000u\000i\000v\000a\000l\000e\000n\000c\000e}{}% 78
\BOOKMARK [2][-]{subsection.H.1}{\376\377\000E\000q\000u\000i\000v\000a\000l\000e\000n\000c\000e\000\040\000R\000e\000l\000a\000t\000i\000o\000n}{appendix.H}% 79
\BOOKMARK [2][-]{subsection.H.2}{\376\377\000Q\000u\000o\000t\000i\000e\000n\000t\000\040\000S\000p\000a\000c\000e\000\040\000a\000n\000d\000\040\000P\000r\000o\000p\000o\000s\000i\000t\000i\000o\000n\000s}{appendix.H}% 80
\BOOKMARK [2][-]{subsection.H.3}{\376\377\000S\000t\000a\000b\000i\000l\000i\000t\000y\000\040\000U\000n\000d\000e\000r\000\040\000C\000o\000m\000p\000o\000s\000i\000t\000i\000o\000n}{appendix.H}% 81
\BOOKMARK [2][-]{subsection.H.4}{\376\377\000M\000e\000t\000r\000i\000c\000\040\000S\000t\000r\000u\000c\000t\000u\000r\000e}{appendix.H}% 82
\BOOKMARK [1][-]{appendix.I}{\376\377\000E\000m\000p\000i\000r\000i\000c\000a\000l\000\040\000O\000b\000s\000e\000r\000v\000a\000b\000l\000e\000s\000\040\000a\000n\000d\000\040\000M\000e\000a\000s\000u\000r\000e\000m\000e\000n\000t\000\040\000P\000r\000o\000t\000o\000c\000o\000l}{}% 83
\BOOKMARK [2][-]{subsection.I.1}{\376\377\000F\000i\000x\000e\000d\000\040\000R\000e\000p\000r\000e\000s\000e\000n\000t\000a\000t\000i\000o\000n\000\040\000M\000a\000n\000i\000f\000o\000l\000d}{appendix.I}% 84
\BOOKMARK [2][-]{subsection.I.2}{\376\377\000D\000i\000s\000c\000r\000e\000t\000e\000\040\000T\000r\000a\000j\000e\000c\000t\000o\000r\000y\000\040\000a\000n\000d\000\040\000P\000h\000a\000s\000e}{appendix.I}% 85
\BOOKMARK [2][-]{subsection.I.3}{\376\377\000E\000n\000t\000r\000o\000p\000y\000\040\000P\000r\000o\000x\000i\000e\000s}{appendix.I}% 86
\BOOKMARK [2][-]{subsection.I.4}{\376\377\000V\000o\000r\000t\000i\000c\000i\000t\000y\000,\000\040\000A\000g\000g\000r\000e\000g\000a\000t\000e\000s\000,\000\040\000a\000n\000d\000\040\000L\000a\000y\000e\000r\000\040\000S\000e\000g\000m\000e\000n\000t\000a\000t\000i\000o\000n}{appendix.I}% 87
\BOOKMARK [2][-]{subsection.I.5}{\376\377\000H\000u\000m\000a\000n\040\023\000M\000o\000d\000e\000l\000\040\000A\000l\000i\000g\000n\000m\000e\000n\000t\000\040\000L\000o\000s\000s}{appendix.I}% 88
\BOOKMARK [1][-]{appendix.J}{\376\377\000N\000o\000n\000-\000C\000o\000m\000p\000o\000s\000i\000t\000i\000o\000n\000a\000l\000\040\000T\000r\000a\000n\000s\000f\000o\000r\000m\000a\000t\000i\000o\000n\000s\000\040\000a\000n\000d\000\040\000F\000a\000i\000l\000u\000r\000e\000\040\000M\000o\000d\000e\000s}{}% 89
\BOOKMARK [2][-]{subsection.J.1}{\376\377\000C\000o\000m\000p\000o\000s\000i\000t\000i\000o\000n\000a\000l\000\040\000a\000n\000d\000\040\000N\000o\000n\000-\000C\000o\000m\000p\000o\000s\000i\000t\000i\000o\000n\000a\000l\000\040\000T\000r\000a\000n\000s\000f\000o\000r\000m\000a\000t\000i\000o\000n\000s}{appendix.J}% 90
\BOOKMARK [2][-]{subsection.J.2}{\376\377\000F\000a\000i\000l\000u\000r\000e\000\040\000S\000i\000g\000n\000a\000t\000u\000r\000e\000s}{appendix.J}% 91
\BOOKMARK [2][-]{subsection.J.3}{\376\377\000T\000h\000r\000e\000e\000-\000R\000e\000g\000i\000m\000e\000\040\000P\000r\000e\000d\000i\000c\000t\000i\000o\000n}{appendix.J}% 92
\BOOKMARK [2][-]{subsection.J.4}{\376\377\000O\000u\000t\000p\000u\000t\000\040\000v\000s\000\040\000P\000a\000t\000h\000\040\000D\000i\000s\000s\000o\000c\000i\000a\000t\000i\000o\000n}{appendix.J}% 93
\BOOKMARK [1][-]{appendix.K}{\376\377\000G\000i\000b\000b\000s\000\040\000U\000n\000i\000f\000i\000c\000a\000t\000i\000o\000n\000:\000\040\000M\000e\000a\000s\000u\000r\000e\000,\000\040\000E\000n\000e\000r\000g\000y\000,\000\040\000a\000n\000d\000\040\000A\000d\000m\000i\000s\000s\000i\000b\000i\000l\000i\000t\000y}{}% 94
\BOOKMARK [2][-]{subsection.K.1}{\376\377\000M\000o\000t\000i\000v\000a\000t\000i\000o\000n}{appendix.K}% 95
\BOOKMARK [2][-]{subsection.K.2}{\376\377\000T\000o\000t\000a\000l\000\040\000C\000o\000n\000s\000t\000r\000a\000i\000n\000t\000\040\000E\000n\000e\000r\000g\000y}{appendix.K}% 96
\BOOKMARK [2][-]{subsection.K.3}{\376\377\000A\000d\000m\000i\000s\000s\000i\000b\000i\000l\000i\000t\000y\000\040\000a\000s\000\040\000a\000\040\000T\000y\000p\000i\000c\000a\000l\000\040\000S\000e\000t}{appendix.K}% 97
\BOOKMARK [2][-]{subsection.K.4}{\376\377\000P\000u\000s\000h\000f\000o\000r\000w\000a\000r\000d\000\040\000t\000o\000\040\000F\000u\000n\000c\000t\000i\000o\000n\000\040\000S\000p\000a\000c\000e}{appendix.K}% 98
\BOOKMARK [1][-]{appendix.L}{\376\377\000V\000a\000r\000i\000a\000t\000i\000o\000n\000a\000l\000\040\000A\000l\000i\000g\000n\000m\000e\000n\000t\000\040\000a\000n\000d\000\040\000t\000h\000e\000\040\000L\000e\000a\000r\000n\000i\000n\000g\000\040\000O\000b\000j\000e\000c\000t\000i\000v\000e}{}% 99
\BOOKMARK [2][-]{subsection.L.1}{\376\377\000H\000u\000m\000a\000n\000\040\000a\000n\000d\000\040\000M\000o\000d\000e\000l\000\040\000G\000i\000b\000b\000s\000\040\000M\000e\000a\000s\000u\000r\000e\000s}{appendix.L}% 100
\BOOKMARK [2][-]{subsection.L.2}{\376\377\000K\000L\000\040\000D\000i\000v\000e\000r\000g\000e\000n\000c\000e\000\040\000a\000s\000\040\000t\000h\000e\000\040\000C\000a\000n\000o\000n\000i\000c\000a\000l\000\040\000A\000l\000i\000g\000n\000m\000e\000n\000t\000\040\000Q\000u\000a\000n\000t\000i\000t\000y}{appendix.L}% 101
\BOOKMARK [2][-]{subsection.L.3}{\376\377\000A\000l\000i\000g\000n\000m\000e\000n\000t\000\040\000L\000o\000s\000s\000\040\000a\000s\000\040\000a\000\040\000K\000L\000\040\000A\000p\000p\000r\000o\000x\000i\000m\000a\000t\000i\000o\000n}{appendix.L}% 102
\BOOKMARK [2][-]{subsection.L.4}{\376\377\000V\000a\000r\000i\000a\000t\000i\000o\000n\000a\000l\000\040\000A\000l\000i\000g\000n\000m\000e\000n\000t\000\040\000O\000b\000j\000e\000c\000t\000i\000v\000e}{appendix.L}% 103
\BOOKMARK [2][-]{subsection.L.5}{\376\377\000G\000r\000a\000d\000i\000e\000n\000t\000\040\000o\000f\000\040\000t\000h\000e\000\040\000V\000a\000r\000i\000a\000t\000i\000o\000n\000a\000l\000\040\000O\000b\000j\000e\000c\000t\000i\000v\000e}{appendix.L}% 104
\BOOKMARK [2][-]{subsection.L.6}{\376\377\000P\000a\000t\000h\000w\000i\000s\000e\000\040\000A\000l\000i\000g\000n\000m\000e\000n\000t\000\040\000C\000r\000i\000t\000e\000r\000i\000o\000n}{appendix.L}% 105
